<?xml version="1.0" encoding="UTF-8"?>
<!-- Generated by org.testng.reporters.JUnitXMLReporter -->
<testsuite hostname="Xiho-Icy" ignored="0" name="Default test(failed)" tests="1" failures="1" timestamp="01 十一月 2017 00:38:43 GMT" time="21.38" errors="0">
  <testcase name="testFrontLogin" time="8.208" classname="com.edu.test.FrontEndMyMovies">
    <failure type="java.lang.AssertionError" message="expected [true] but found [false]">
      <![CDATA[java.lang.AssertionError: expected [true] but found [false]
	at com.edu.test.FrontEndMyMovies.testFrontLogin(FrontEndMyMovies.java:18)
... Removed 29 stack frames]]>
    </failure>
  </testcase> <!-- testFrontLogin -->
</testsuite> <!-- Default test(failed) -->
